<?xml version="1.0" encoding="UTF-8"?>
<!-- Generated by org.testng.reporters.JUnitReportReporter -->
<testsuite hostname="DESKTOP-L6N98KA" failures="0" tests="15" name="com.das.validation.LoginTest" time="1388.706" errors="0" timestamp="2023-03-06T10:21:09 EST" skipped="0">
  <testcase classname="com.das.validation.LoginTest" name="validateCartpage" time="113.237"/>
  <system-out/>
  <testcase classname="com.das.validation.LoginTest" name="validateCartpage" time="145.773"/>
  <system-out/>
  <testcase classname="com.das.validation.LoginTest" name="validateCartpage" time="100.660"/>
  <system-out/>
  <testcase classname="com.das.validation.LoginTest" name="validateCartpage" time="90.426"/>
  <system-out/>
  <testcase classname="com.das.validation.LoginTest" name="validateCartpage" time="104.173"/>
  <system-out/>
  <testcase classname="com.das.validation.LoginTest" name="validateCartpage" time="88.917"/>
  <system-out/>
  <testcase classname="com.das.validation.LoginTest" name="validateCartpage" time="60.504"/>
  <system-out/>
  <testcase classname="com.das.validation.LoginTest" name="validateCartpage" time="38.656"/>
  <system-out/>
  <testcase classname="com.das.validation.LoginTest" name="validateCartpage" time="145.023"/>
  <system-out/>
  <testcase classname="com.das.validation.LoginTest" name="validateCartpage" time="89.158"/>
  <system-out/>
  <testcase classname="com.das.validation.LoginTest" name="validateCartpage" time="119.592"/>
  <system-out/>
  <testcase classname="com.das.validation.LoginTest" name="validateCartpage" time="76.824"/>
  <system-out/>
  <testcase classname="com.das.validation.LoginTest" name="validateCartpage" time="81.209"/>
  <system-out/>
  <testcase classname="com.das.validation.LoginTest" name="validateCartpage" time="52.669"/>
  <system-out/>
  <testcase classname="com.das.validation.LoginTest" name="validateCartpage" time="81.885"/>
  <system-out/>
</testsuite> <!-- com.das.validation.LoginTest -->
